<?xml version="1.0" encoding="UTF-8"?>
<testng-results ignored="4" total="7" passed="3" failed="0" skipped="0">
  <reporter-output>
  </reporter-output>
  <suite started-at="2023-02-19T14:51:44 ICT" name="Default suite" finished-at="2023-02-19T14:51:49 ICT" duration-ms="5632">
    <groups>
    </groups>
    <test started-at="2023-02-19T14:51:44 ICT" name="Default test" finished-at="2023-02-19T14:51:49 ICT" duration-ms="5632">
      <class name="tests.APIExamples">
        <test-method signature="testPost(java.lang.String,java.lang.String)[pri:0, instance:tests.APIExamples@21282ed8]" started-at="2023-02-19T14:51:45 ICT" name="testPost" data-provider="DataForPost" finished-at="2023-02-19T14:51:48 ICT" duration-ms="3294" status="PASS">
          <params>
            <param index="0">
              <value>
                <![CDATA[Albert Einstein]]>
              </value>
            </param>
            <param index="1">
              <value>
                <![CDATA[Doctor]]>
              </value>
            </param>
          </params>
          <reporter-output>
          </reporter-output>
        </test-method> <!-- testPost -->
        <test-method signature="testPost(java.lang.String,java.lang.String)[pri:0, instance:tests.APIExamples@21282ed8]" started-at="2023-02-19T14:51:48 ICT" name="testPost" data-provider="DataForPost" finished-at="2023-02-19T14:51:49 ICT" duration-ms="520" status="PASS">
          <params>
            <param index="0">
              <value>
                <![CDATA[Thomas Edison]]>
              </value>
            </param>
            <param index="1">
              <value>
                <![CDATA[Worker]]>
              </value>
            </param>
          </params>
          <reporter-output>
          </reporter-output>
        </test-method> <!-- testPost -->
        <test-method signature="testPost(java.lang.String,java.lang.String)[pri:0, instance:tests.APIExamples@21282ed8]" started-at="2023-02-19T14:51:49 ICT" name="testPost" data-provider="DataForPost" finished-at="2023-02-19T14:51:49 ICT" duration-ms="532" status="PASS">
          <params>
            <param index="0">
              <value>
                <![CDATA[Steven Gerrard]]>
              </value>
            </param>
            <param index="1">
              <value>
                <![CDATA[Player]]>
              </value>
            </param>
          </params>
          <reporter-output>
          </reporter-output>
        </test-method> <!-- testPost -->
      </class> <!-- tests.APIExamples -->
    </test> <!-- Default test -->
  </suite> <!-- Default suite -->
</testng-results>
