<?xml version="1.0" encoding="UTF-8"?>
<!-- Generated by org.testng.reporters.JUnitXMLReporter -->
<testsuite ignored="4" hostname="WINDOWS-10" failures="0" tests="3" name="Default test" time="5.632" errors="0" timestamp="2023-02-19T14:51:49 ICT">
  <testcase classname="tests.APIExamples" name="testPost" time="3.294"/>
  <testcase classname="tests.APIExamples" name="testPost" time="0.52"/>
  <testcase classname="tests.APIExamples" name="testPost" time="0.532"/>
  <testcase classname="tests.APIExamples" name="testPatch" time="0.0">
    <ignored/>
  </testcase> <!-- testPatch -->
  <testcase classname="tests.APIExamples" name="testGet" time="0.0">
    <ignored/>
  </testcase> <!-- testGet -->
  <testcase classname="tests.APIExamples" name="testDelete" time="0.0">
    <ignored/>
  </testcase> <!-- testDelete -->
  <testcase classname="tests.APIExamples" name="testPut" time="0.0">
    <ignored/>
  </testcase> <!-- testPut -->
</testsuite> <!-- Default test -->
